2026-05-13 22:56:29,463 - DEBUG - Initializing logger
2026-05-13 22:56:29,464 - DEBUG - def main - invocation
2026-05-13 22:56:29,464 - DEBUG - def class_choice - invocation
2026-05-13 22:56:29,464 - DEBUG - def class_choice - choosing class
2026-05-13 22:56:29,464 - DEBUG - def read_player_name - invocation
2026-05-13 22:56:29,464 - DEBUG - def read_player_name - reading player's name
2026-05-13 22:56:30,701 - DEBUG - def read_player_class - invocation
2026-05-13 22:56:30,701 - DEBUG - def read_player_class - reading player's class
2026-05-13 22:56:32,211 - DEBUG - def class_choice - initializing player
2026-05-13 22:56:32,212 - DEBUG - def initialize_entity - invocation
2026-05-13 22:56:32,950 - DEBUG - def verify_answer - invocation
2026-05-13 22:56:32,951 - DEBUG - def verify_answer - verifying whether the answer is positive
2026-05-13 22:56:32,951 - DEBUG - def class_choice - going to the game itself
2026-05-13 22:56:32,951 - DEBUG - def next_thing - invocation
2026-05-13 22:56:32,951 - DEBUG - def internal - invocation
2026-05-13 22:56:32,951 - DEBUG - def internal - are we going forward?
2026-05-13 22:56:34,095 - DEBUG - def verify_answer - invocation
2026-05-13 22:56:34,096 - DEBUG - def verify_answer - verifying whether the answer is positive
2026-05-13 22:56:34,096 - DEBUG - def next_thing - we are going forward
2026-05-13 22:56:34,096 - DEBUG - def game - invocation
2026-05-13 22:56:34,096 - DEBUG - def main_location1 - invocation
2026-05-13 22:56:44,101 - DEBUG - def quest1 - invocation
2026-05-13 22:56:53,103 - DEBUG - def quest_get_option - invocation
2026-05-13 22:56:53,104 - DEBUG - def quest_get_option - getting player's option to the quest
2026-05-13 22:56:57,796 - DEBUG - def quest_is_successful - invocation
2026-05-13 22:56:57,796 - INFO - def quest_is_successful - option 3
2026-05-13 22:56:57,796 - DEBUG - def random - invocation
2026-05-13 22:56:57,796 - DEBUG - def quest_complete - invocation
2026-05-13 22:56:57,796 - INFO - def quest1 - is option successful? True
2026-05-13 22:56:59,806 - INFO - def ques1.fight - the player has started the fight
2026-05-13 22:56:59,806 - DEBUG - def random - invocation
2026-05-13 22:57:00,810 - INFO - def quest1 - player attack the mob 0
2026-05-13 22:57:00,810 - DEBUG - def random - invocation
2026-05-13 22:57:00,810 - DEBUG - def random - invocation
2026-05-13 22:57:00,810 - DEBUG - def random - invocation
2026-05-13 22:57:00,810 - DEBUG - def random - invocation
2026-05-13 22:57:01,814 - INFO - def quest1 - player has won the fight
2026-05-13 22:57:01,814 - ERROR - At quest1 occurred some unexpected error
Traceback (most recent call last):
  File "/Users/iliyaskakun/Documents/PJATK/2025_2026/Semestr_letni/PPY/DnD_Light/Logger.py", line 37, in wrapper
    res = func(*args, **kwargs)
  File "/Users/iliyaskakun/Documents/PJATK/2025_2026/Semestr_letni/PPY/DnD_Light/Auxiliary.py", line 67, in wrapper
    return func(*args, **kwargs)
  File "/Users/iliyaskakun/Documents/PJATK/2025_2026/Semestr_letni/PPY/DnD_Light/Game.py", line 127, in quest1
    fight()
    ~~~~~^^
  File "/Users/iliyaskakun/Documents/PJATK/2025_2026/Semestr_letni/PPY/DnD_Light/Game.py", line 102, in fight
    player.add(Item("Diamond"))
    ^^^^^^^^^^
AttributeError: 'Knight' object has no attribute 'add'
2026-05-13 22:57:01,817 - DEBUG - def next_thing - invocation
2026-05-13 22:57:01,817 - DEBUG - def internal - invocation
2026-05-13 22:57:01,818 - DEBUG - def internal - are we going forward?
2026-05-13 22:57:13,275 - DEBUG - def verify_answer - invocation
2026-05-13 22:57:13,275 - DEBUG - def verify_answer - verifying whether the answer is positive
2026-05-13 22:57:13,275 - DEBUG - def next_thing - we are going forward
2026-05-13 22:57:13,276 - DEBUG - def end_of_game - invocation
