2026-05-13 22:54:45,760 - DEBUG - Initializing logger
2026-05-13 22:54:45,761 - DEBUG - def main - invocation
2026-05-13 22:54:45,761 - DEBUG - def class_choice - invocation
2026-05-13 22:54:45,761 - DEBUG - def class_choice - choosing class
2026-05-13 22:54:45,761 - DEBUG - def read_player_name - invocation
2026-05-13 22:54:45,761 - DEBUG - def read_player_name - reading player's name
2026-05-13 22:54:47,408 - DEBUG - def read_player_class - invocation
2026-05-13 22:54:47,409 - DEBUG - def read_player_class - reading player's class
2026-05-13 22:54:48,873 - DEBUG - def class_choice - initializing player
2026-05-13 22:54:48,873 - DEBUG - def initialize_entity - invocation
2026-05-13 22:54:54,515 - DEBUG - def verify_answer - invocation
2026-05-13 22:54:54,515 - DEBUG - def verify_answer - verifying whether the answer is positive
2026-05-13 22:54:54,516 - DEBUG - def class_choice - going to the game itself
2026-05-13 22:54:54,516 - DEBUG - def next_thing - invocation
2026-05-13 22:54:54,516 - DEBUG - def internal - invocation
2026-05-13 22:54:54,516 - DEBUG - def internal - are we going forward?
2026-05-13 22:54:56,740 - DEBUG - def verify_answer - invocation
2026-05-13 22:54:56,740 - DEBUG - def verify_answer - verifying whether the answer is positive
2026-05-13 22:54:56,740 - DEBUG - def next_thing - we are going forward
2026-05-13 22:54:56,740 - DEBUG - def game - invocation
2026-05-13 22:54:56,740 - DEBUG - def main_location1 - invocation
2026-05-13 22:55:06,742 - DEBUG - def quest1 - invocation
2026-05-13 22:55:15,748 - DEBUG - def quest_get_option - invocation
2026-05-13 22:55:15,748 - DEBUG - def quest_get_option - getting player's option to the quest
2026-05-13 22:55:21,350 - DEBUG - def quest_is_successful - invocation
2026-05-13 22:55:21,351 - INFO - def quest_is_successful - option 2
2026-05-13 22:55:21,351 - DEBUG - def random - invocation
2026-05-13 22:55:21,351 - DEBUG - def quest_complete - invocation
2026-05-13 22:55:21,351 - INFO - def quest1 - is option successful? False
2026-05-13 22:55:22,356 - INFO - def quest1 - the player tries to sneak into the cave
2026-05-13 22:55:23,362 - INFO - def quest1 - the player has been noticed while sneaking into the cave
2026-05-13 22:55:24,365 - INFO - def ques1.fight - the player has started the fight
2026-05-13 22:55:24,365 - DEBUG - def random - invocation
2026-05-13 22:55:25,368 - INFO - def quest1 - player attack the mob 0
2026-05-13 22:55:25,368 - DEBUG - def random - invocation
2026-05-13 22:55:25,368 - DEBUG - def random - invocation
2026-05-13 22:55:25,369 - DEBUG - def random - invocation
2026-05-13 22:55:26,371 - INFO - def quest1 - player has won the fight
2026-05-13 22:55:26,372 - ERROR - At quest1 occurred some unexpected error
Traceback (most recent call last):
  File "/Users/iliyaskakun/Documents/PJATK/2025_2026/Semestr_letni/PPY/DnD_Light/Logger.py", line 37, in wrapper
    res = func(*args, **kwargs)
  File "/Users/iliyaskakun/Documents/PJATK/2025_2026/Semestr_letni/PPY/DnD_Light/Auxiliary.py", line 67, in wrapper
    return func(*args, **kwargs)
  File "/Users/iliyaskakun/Documents/PJATK/2025_2026/Semestr_letni/PPY/DnD_Light/Game.py", line 122, in quest1
    fight()
    ~~~~~^^
  File "/Users/iliyaskakun/Documents/PJATK/2025_2026/Semestr_letni/PPY/DnD_Light/Game.py", line 102, in fight
    player.add(Item("Diamond"))
    ^^^^^^^^^^
AttributeError: 'Knight' object has no attribute 'add'
2026-05-13 22:55:26,374 - DEBUG - def next_thing - invocation
2026-05-13 22:55:26,374 - DEBUG - def internal - invocation
2026-05-13 22:55:26,374 - DEBUG - def internal - are we going forward?
2026-05-13 22:55:30,328 - DEBUG - def verify_answer - invocation
2026-05-13 22:55:30,328 - DEBUG - def verify_answer - verifying whether the answer is positive
2026-05-13 22:55:30,328 - DEBUG - def next_thing - we are going forward
2026-05-13 22:55:30,328 - DEBUG - def end_of_game - invocation
